-------------------------------------------------------------------------------
Test set: ru.yandex.practikum.CreateCourierTests
-------------------------------------------------------------------------------
Tests run: 4, Failures: 1, Errors: 0, Skipped: 0, Time elapsed: 6.382 s <<< FAILURE! - in ru.yandex.practikum.CreateCourierTests
checkCannotCreateExistingCourier(ru.yandex.practikum.CreateCourierTests)  Time elapsed: 0.819 s  <<< FAILURE!
java.lang.AssertionError: 
1 expectation failed.
JSON path message doesn't match.
Expected: Этот логин уже используется
  Actual: Этот логин уже используется. Попробуйте другой.

	at ru.yandex.practikum.CreateCourierTests.checkCannotCreateExistingCourier(CreateCourierTests.java:67)

